2016/04/25 07:46:42 [error] [exception.CHttpException.404] exception 'CHttpException' with message 'Unable to resolve the request "admin/ketegoriya.php".' in C:\xampp\htdocs\projects\ProjectsOne\framework\web\CWebApplication.php:286
Stack trace:
#0 C:\xampp\htdocs\projects\ProjectsOne\framework\web\CWebApplication.php(141): CWebApplication->runController('admin/ketegoriy...')
#1 C:\xampp\htdocs\projects\ProjectsOne\framework\base\CApplication.php(185): CWebApplication->processRequest()
#2 C:\xampp\htdocs\IndustrialProducts\index.php(13): CApplication->run()
#3 {main}
REQUEST_URI=/IndustrialProducts/index.php/admin/ketegoriya.php
---
2016/04/25 07:46:51 [error] [exception.CHttpException.400] exception 'CHttpException' with message 'Your request is invalid.' in C:\xampp\htdocs\projects\ProjectsOne\framework\web\CController.php:336
Stack trace:
#0 C:\xampp\htdocs\projects\ProjectsOne\framework\web\CController.php(309): CController->invalidActionParams(Object(CInlineAction))
#1 C:\xampp\htdocs\projects\ProjectsOne\framework\web\filters\CFilterChain.php(133): CController->runAction(Object(CInlineAction))
#2 C:\xampp\htdocs\projects\ProjectsOne\framework\web\filters\CFilter.php(40): CFilterChain->run()
#3 C:\xampp\htdocs\projects\ProjectsOne\framework\web\CController.php(1145): CFilter->filter(Object(CFilterChain))
#4 C:\xampp\htdocs\projects\ProjectsOne\framework\web\filters\CInlineFilter.php(58): CController->filterAccessControl(Object(CFilterChain))
#5 C:\xampp\htdocs\projects\ProjectsOne\framework\web\filters\CFilterChain.php(130): CInlineFilter->filter(Object(CFilterChain))
#6 C:\xampp\htdocs\projects\ProjectsOne\framework\web\CController.php(291): CFilterChain->run()
#7 C:\xampp\htdocs\projects\ProjectsOne\framework\web\CController.php(265): CController->runActionWithFilters(Object(CInlineAction), Array)
#8 C:\xampp\htdocs\projects\ProjectsOne\framework\web\CWebApplication.php(282): CController->run('view')
#9 C:\xampp\htdocs\projects\ProjectsOne\framework\web\CWebApplication.php(141): CWebApplication->runController('admin/ketegoriy...')
#10 C:\xampp\htdocs\projects\ProjectsOne\framework\base\CApplication.php(185): CWebApplication->processRequest()
#11 C:\xampp\htdocs\IndustrialProducts\index.php(13): CApplication->run()
#12 {main}
REQUEST_URI=/IndustrialProducts/index.php/admin/ketegoriya/view
---
